This file contains any messages produced by compilers while
running configure, to aid debugging if configure makes a mistake.

It was created by configure, which was
generated by GNU Autoconf 2.69.  Invocation command line was

  $ ./configure 

## --------- ##
## Platform. ##
## --------- ##

hostname = falcon
uname -m = x86_64
uname -r = 5.2.13-050213-generic
uname -s = Linux
uname -v = #201909060739 SMP Fri Sep 6 11:42:53 UTC 2019

/usr/bin/uname -p = unknown
/bin/uname -X     = unknown

/bin/arch              = unknown
/usr/bin/arch -k       = unknown
/usr/convex/getsysinfo = unknown
/usr/bin/hostinfo      = unknown
/bin/machine           = unknown
/usr/bin/oslevel       = unknown
/bin/universe          = unknown

PATH: /home/u/.rbenv/shims
PATH: /home/u/.rbenv/bin
PATH: /home/u/.yarn/bin
PATH: /home/u/.config/yarn/global/node_modules/.bin
PATH: /home/u/.sdkman/candidates/gradle/current/bin
PATH: /home/u/.rbenv/shims
PATH: /home/u/.rbenv/bin
PATH: /home/u/.yarn/bin
PATH: /home/u/.config/yarn/global/node_modules/.bin
PATH: /home/u/.nvm/versions/node/v10.15.3/bin
PATH: /home/u/.local/bin
PATH: /usr/local/sbin
PATH: /usr/local/bin
PATH: /usr/sbin
PATH: /usr/bin
PATH: /sbin
PATH: /bin
PATH: /usr/games
PATH: /usr/local/games
PATH: /snap/bin
PATH: /home/u/app/cmake-3.15.2-Linux-x86_64/bin/
PATH: /home/u/app/go/bin/
PATH: /home/u/app/cmake-3.15.2-Linux-x86_64/bin/
PATH: /home/u/app/go/bin/


## ----------- ##
## Core tests. ##
## ----------- ##

configure:1922: result: 
configure:1924: result: Configuring System ...
configure:1926: result: 
configure:1962: checking build system type
configure:1976: result: x86_64-pc-linux-gnu
configure:1996: checking host system type
configure:2009: result: x86_64-pc-linux-gnu
configure:2029: checking target system type
configure:2042: result: x86_64-pc-linux-gnu
configure:2117: checking for gcc
configure:2133: found /usr/bin/gcc
configure:2144: result: gcc
configure:2373: checking for C compiler version
configure:2382: gcc --version >&5
gcc (Ubuntu 7.4.0-1ubuntu1~18.04.1) 7.4.0
Copyright (C) 2017 Free Software Foundation, Inc.
This is free software; see the source for copying conditions.  There is NO
warranty; not even for MERCHANTABILITY or FITNESS FOR A PARTICULAR PURPOSE.

configure:2393: $? = 0
configure:2382: gcc -v >&5
Using built-in specs.
COLLECT_GCC=gcc
COLLECT_LTO_WRAPPER=/usr/lib/gcc/x86_64-linux-gnu/7/lto-wrapper
OFFLOAD_TARGET_NAMES=nvptx-none
OFFLOAD_TARGET_DEFAULT=1
Target: x86_64-linux-gnu
Configured with: ../src/configure -v --with-pkgversion='Ubuntu 7.4.0-1ubuntu1~18.04.1' --with-bugurl=file:///usr/share/doc/gcc-7/README.Bugs --enable-languages=c,ada,c++,go,brig,d,fortran,objc,obj-c++ --prefix=/usr --with-gcc-major-version-only --program-suffix=-7 --program-prefix=x86_64-linux-gnu- --enable-shared --enable-linker-build-id --libexecdir=/usr/lib --without-included-gettext --enable-threads=posix --libdir=/usr/lib --enable-nls --with-sysroot=/ --enable-clocale=gnu --enable-libstdcxx-debug --enable-libstdcxx-time=yes --with-default-libstdcxx-abi=new --enable-gnu-unique-object --disable-vtable-verify --enable-libmpx --enable-plugin --enable-default-pie --with-system-zlib --with-target-system-zlib --enable-objc-gc=auto --enable-multiarch --disable-werror --with-arch-32=i686 --with-abi=m64 --with-multilib-list=m32,m64,mx32 --enable-multilib --with-tune=generic --enable-offload-targets=nvptx-none --without-cuda-driver --enable-checking=release --build=x86_64-linux-gnu --host=x86_64-linux-gnu --target=x86_64-linux-gnu
Thread model: posix
gcc version 7.4.0 (Ubuntu 7.4.0-1ubuntu1~18.04.1) 
configure:2393: $? = 0
configure:2382: gcc -V >&5
gcc: error: unrecognized command line option '-V'
gcc: fatal error: no input files
compilation terminated.
configure:2393: $? = 1
configure:2382: gcc -qversion >&5
gcc: error: unrecognized command line option '-qversion'; did you mean '--version'?
gcc: fatal error: no input files
compilation terminated.
configure:2393: $? = 1
configure:2413: checking whether the C compiler works
configure:2435: gcc    conftest.c  >&5
configure:2439: $? = 0
configure:2487: result: yes
configure:2490: checking for C compiler default output file name
configure:2492: result: a.out
configure:2498: checking for suffix of executables
configure:2505: gcc -o conftest    conftest.c  >&5
configure:2509: $? = 0
configure:2531: result: 
configure:2553: checking whether we are cross compiling
configure:2561: gcc -o conftest    conftest.c  >&5
configure:2565: $? = 0
configure:2572: ./conftest
configure:2576: $? = 0
configure:2591: result: no
configure:2596: checking for suffix of object files
configure:2618: gcc -c   conftest.c >&5
configure:2622: $? = 0
configure:2643: result: o
configure:2647: checking whether we are using the GNU C compiler
configure:2666: gcc -c   conftest.c >&5
configure:2666: $? = 0
configure:2675: result: yes
configure:2684: checking whether gcc accepts -g
configure:2704: gcc -c -g  conftest.c >&5
configure:2704: $? = 0
configure:2745: result: yes
configure:2762: checking for gcc option to accept ISO C89
configure:2825: gcc  -c -g -O2  conftest.c >&5
configure:2825: $? = 0
configure:2838: result: none needed
configure:2864: checking how to run the C preprocessor
configure:2895: gcc -E  conftest.c
configure:2895: $? = 0
configure:2909: gcc -E  conftest.c
conftest.c:9:10: fatal error: ac_nonexistent.h: No such file or directory
 #include <ac_nonexistent.h>
          ^~~~~~~~~~~~~~~~~~
compilation terminated.
configure:2909: $? = 1
configure: failed program was:
| /* confdefs.h */
| #define PACKAGE_NAME ""
| #define PACKAGE_TARNAME ""
| #define PACKAGE_VERSION ""
| #define PACKAGE_STRING ""
| #define PACKAGE_BUGREPORT ""
| #define PACKAGE_URL ""
| /* end confdefs.h.  */
| #include <ac_nonexistent.h>
configure:2934: result: gcc -E
configure:2954: gcc -E  conftest.c
configure:2954: $? = 0
configure:2968: gcc -E  conftest.c
conftest.c:9:10: fatal error: ac_nonexistent.h: No such file or directory
 #include <ac_nonexistent.h>
          ^~~~~~~~~~~~~~~~~~
compilation terminated.
configure:2968: $? = 1
configure: failed program was:
| /* confdefs.h */
| #define PACKAGE_NAME ""
| #define PACKAGE_TARNAME ""
| #define PACKAGE_VERSION ""
| #define PACKAGE_STRING ""
| #define PACKAGE_BUGREPORT ""
| #define PACKAGE_URL ""
| /* end confdefs.h.  */
| #include <ac_nonexistent.h>
configure:2997: checking for grep that handles long lines and -e
configure:3055: result: /bin/grep
configure:3060: checking for egrep
configure:3122: result: /bin/grep -E
configure:3127: checking for ANSI C header files
configure:3147: gcc -c -g -O2  conftest.c >&5
configure:3147: $? = 0
configure:3220: gcc -o conftest -g -O2   conftest.c  >&5
configure:3220: $? = 0
configure:3220: ./conftest
configure:3220: $? = 0
configure:3231: result: yes
configure:3246: checking for tcpdump
configure:3264: found /usr/sbin/tcpdump
configure:3276: result: /usr/sbin/tcpdump
configure:3433: result: 
configure:3435: result: Configuring GNU Regular Expression library ...
configure:3437: result: 
configure:3550: result: 
configure:3552: result: Configuring Network Grep ...
configure:3554: result: 
configure:3725: checking for a complete set of pcap headers
configure:3772: result: found /usr/include/pcap
configure:3785: checking for pcap_open_live in -lpcap
configure:3810: gcc -o conftest -g -O2   conftest.c -lpcap   >&5
configure:3810: $? = 0
configure:3819: result: yes
configure:3894: checking for BPF include path
configure:3897: result: pcap/bpf.h
configure:3902: checking for DLT_LINUX_SLL in pcap/bpf.h
configure:3915: result: yes
configure:3925: checking for DLT_LOOP in pcap/bpf.h
configure:3938: result: yes
configure:3948: checking for DLT_IEEE802_11 in pcap/bpf.h
configure:3961: result: yes
configure:3972: checking for DLT_IEEE802_11_RADIO in pcap/bpf.h
configure:3985: result: yes
configure:3996: checking for DLT_RAW in pcap/bpf.h
configure:4009: result: yes
configure:4020: checking for DLT_PFLOG in pcap/bpf.h
configure:4033: result: yes
configure:4044: checking for DLT_IPNET in pcap/bpf.h
configure:4057: result: yes
configure:4155: result: 
configure:4167: result: CONFIG: IPv6 support disabled
configure:4172: result: CONFIG: privilege dropping enabled (using nobody)
configure:4183: result: CONFIG: using GNU regex library
configure:4191: result: CONFIG: tcpkill feature disabled
configure:4196: result: CONFIG: automatically including VLAN frames
configure:4204: result: 
configure:4325: creating ./config.status

## ---------------------- ##
## Running config.status. ##
## ---------------------- ##

This file was extended by config.status, which was
generated by GNU Autoconf 2.69.  Invocation command line was

  CONFIG_FILES    = 
  CONFIG_HEADERS  = 
  CONFIG_LINKS    = 
  CONFIG_COMMANDS = 
  $ ./config.status 

on falcon

config.status:827: creating Makefile
config.status:926: WARNING:  'Makefile.in' seems to ignore the --datarootdir setting
config.status:827: creating config.h

## ---------------- ##
## Cache variables. ##
## ---------------- ##

ac_cv_build=x86_64-pc-linux-gnu
ac_cv_c_compiler_gnu=yes
ac_cv_env_CC_set=
ac_cv_env_CC_value=
ac_cv_env_CFLAGS_set=
ac_cv_env_CFLAGS_value=
ac_cv_env_CPPFLAGS_set=
ac_cv_env_CPPFLAGS_value=
ac_cv_env_CPP_set=
ac_cv_env_CPP_value=
ac_cv_env_LDFLAGS_set=
ac_cv_env_LDFLAGS_value=
ac_cv_env_LIBS_set=
ac_cv_env_LIBS_value=
ac_cv_env_build_alias_set=
ac_cv_env_build_alias_value=
ac_cv_env_host_alias_set=
ac_cv_env_host_alias_value=
ac_cv_env_target_alias_set=
ac_cv_env_target_alias_value=
ac_cv_header_stdc=yes
ac_cv_host=x86_64-pc-linux-gnu
ac_cv_lib_pcap_pcap_open_live=yes
ac_cv_objext=o
ac_cv_path_EGREP='/bin/grep -E'
ac_cv_path_GREP=/bin/grep
ac_cv_path_ac_prefix_program=/usr/sbin/tcpdump
ac_cv_prog_CPP='gcc -E'
ac_cv_prog_ac_ct_CC=gcc
ac_cv_prog_cc_c89=
ac_cv_prog_cc_g=yes
ac_cv_target=x86_64-pc-linux-gnu

## ----------------- ##
## Output variables. ##
## ----------------- ##

CC='gcc'
CFLAGS='-g -O2'
CPP='gcc -E'
CPPFLAGS=''
DEFS='-DHAVE_CONFIG_H'
ECHO_C=''
ECHO_N='-n'
ECHO_T=''
EGREP='/bin/grep -E'
EXEEXT=''
EXTRA_DEFINES=' -D_BSD_SOURCE=1 -D__FAVOR_BSD=1'
EXTRA_INCLUDES=' -Iregex-0.12 -I/usr/include/pcap'
EXTRA_LDFLAGS=''
EXTRA_LIBS=''
EXTRA_OBJS=''
GREP='/bin/grep'
LDFLAGS=''
LIBOBJS=''
LIBS='-lpcap '
LTLIBOBJS=''
OBJEXT='o'
OS='LINUX'
PACKAGE_BUGREPORT=''
PACKAGE_NAME=''
PACKAGE_STRING=''
PACKAGE_TARNAME=''
PACKAGE_URL=''
PACKAGE_VERSION=''
PATH_SEPARATOR=':'
REGEX_DIR='regex-0.12'
REGEX_OBJS='regex-0.12/regex.o'
SHELL='/bin/bash'
STRIPFLAG='-s'
ac_ct_CC='gcc'
ac_prefix_program='/usr/sbin/tcpdump'
bindir='${exec_prefix}/bin'
build='x86_64-pc-linux-gnu'
build_alias=''
build_cpu='x86_64'
build_os='linux-gnu'
build_vendor='pc'
datadir='${datarootdir}'
datarootdir='${prefix}/share'
docdir='${datarootdir}/doc/${PACKAGE}'
dvidir='${docdir}'
exec_prefix='${prefix}'
host='x86_64-pc-linux-gnu'
host_alias=''
host_cpu='x86_64'
host_os='linux-gnu'
host_vendor='pc'
htmldir='${docdir}'
includedir='${prefix}/include'
infodir='${datarootdir}/info'
libdir='${exec_prefix}/lib'
libexecdir='${exec_prefix}/libexec'
localedir='${datarootdir}/locale'
localstatedir='${prefix}/var'
mandir='${datarootdir}/man'
oldincludedir='/usr/include'
pdfdir='${docdir}'
prefix='/usr'
program_transform_name='s,x,x,'
psdir='${docdir}'
runstatedir='${localstatedir}/run'
sbindir='${exec_prefix}/sbin'
sharedstatedir='${prefix}/com'
sysconfdir='${prefix}/etc'
target='x86_64-pc-linux-gnu'
target_alias=''
target_cpu='x86_64'
target_os='linux-gnu'
target_vendor='pc'

## ----------- ##
## confdefs.h. ##
## ----------- ##

/* confdefs.h */
#define PACKAGE_NAME ""
#define PACKAGE_TARNAME ""
#define PACKAGE_VERSION ""
#define PACKAGE_STRING ""
#define PACKAGE_BUGREPORT ""
#define PACKAGE_URL ""
#define STDC_HEADERS 1
#define HAVE_LIBPCAP 1
#define USE_PCAP_RESTART 0
#define PCAP_RESTART_FUNC 
#define USE_PCRE 0
#define USE_IPv6 0
#define USE_TCPKILL 0
#define USE_VLAN_HACK 1
#define USE_DROPPRIVS 1
#define DROPPRIVS_USER "nobody"
#define HAVE_DLT_RAW 1
#define HAVE_DLT_PFLOG 1
#define HAVE_DLT_IEEE802_11 1
#define HAVE_DLT_IEEE802_11_RADIO 1
#define HAVE_DLT_LOOP 1
#define HAVE_DLT_LINUX_SLL 1
#define HAVE_DLT_IPNET 1

configure: exit 0
