This file contains any messages produced by compilers while
running configure, to aid debugging if configure makes a mistake.

configure:573: checking host system type
configure:594: checking target system type
configure:612: checking build system type
configure:638: checking for gcc
configure:751: checking whether the C compiler (gcc  ) works
configure:767: gcc -o conftest    conftest.c  1>&5
configure:764:1: warning: return type defaults to 'int' [-Wimplicit-int]
 main(){return(0);}
 ^~~~
configure:793: checking whether the C compiler (gcc  ) is a cross-compiler
configure:798: checking whether we are using GNU C
configure:807: gcc -E conftest.c
configure:826: checking whether gcc accepts -g
configure:869: checking for a BSD compatible install
configure:923: checking how to run the C preprocessor
configure:944: gcc -E  conftest.c >/dev/null 2>conftest.out
configure:1003: checking for AIX
configure:1027: checking for getmntent in -lseq
configure:1046: gcc -o conftest -g -O2   conftest.c -lseq   1>&5
/usr/bin/ld: cannot find -lseq
collect2: error: ld returned 1 exit status
configure: failed program was:
#line 1035 "configure"
#include "confdefs.h"
/* Override any gcc2 internal prototype to avoid an error.  */
/* We use char because int might match the return type of a gcc2
    builtin and then its argument prototype would still apply.  */
char getmntent();

int main() {
getmntent()
; return 0; }
configure:1068: checking for POSIXized ISC
configure:1090: checking for minix/config.h
configure:1100: gcc -E  conftest.c >/dev/null 2>conftest.out
configure:1096:10: fatal error: minix/config.h: No such file or directory
 #include <minix/config.h>
          ^~~~~~~~~~~~~~~~
compilation terminated.
configure: failed program was:
#line 1095 "configure"
#include "confdefs.h"
#include <minix/config.h>
configure:1139: checking for ANSI C header files
configure:1152: gcc -E  conftest.c >/dev/null 2>conftest.out
configure:1219: gcc -o conftest -g -O2   conftest.c  1>&5
configure: In function 'main':
configure:1214:67: warning: implicit declaration of function 'exit' [-Wimplicit-function-declaration]
 if (XOR (islower (i), ISLOWER (i)) || toupper (i) != TOUPPER (i)) exit(2);
                                                                   ^~~~
configure:1214:67: warning: incompatible implicit declaration of built-in function 'exit'
configure:1214:67: note: include '<stdlib.h>' or provide a declaration of 'exit'
configure:1215:1: warning: incompatible implicit declaration of built-in function 'exit'
 exit (0); }
 ^~~~
configure:1215:1: note: include '<stdlib.h>' or provide a declaration of 'exit'
configure:1246: checking for string.h
configure:1256: gcc -E  conftest.c >/dev/null 2>conftest.out
configure:1286: checking for working alloca.h
configure:1298: gcc -o conftest -g -O2   conftest.c  1>&5
configure:1319: checking for alloca
configure:1352: gcc -o conftest -g -O2   conftest.c  1>&5
configure:1518: checking for working const
configure:1572: gcc -c -g -O2  conftest.c 1>&5
configure:1598: checking for gcc
